Sat Feb 20 14:34:40 GMT-03:00 2021 : Apache Derby Servidor de Rede - 10.14.2.0 - (1828579) iniciado e pronto para aceitar conexões na porta 1527 em {3}
----------------------------------------------------------------
Sat Feb 20 14:34:40 GMT-03:00 2021:
 Inicializando o Derby versão The Apache Software Foundation - Apache Derby - 10.14.2.0 - (1828579): instância a816c00e-0177-c081-fc0a-00004ec559ef
no diretório de banco de dados C:\Users\Oem\Desktop\Eclipse WorkSpace\RegularRPG\DB\sample 

java.vendor=Oracle Corporation
java.runtime.version=12.0.2+10
user.dir=C:\Users\Oem\Desktop\Eclipse WorkSpace\RegularRPG\db-derby-10.14.2.0-bin
os.name=Windows 7
os.arch=amd64
os.version=6.1
derby.system.home=C:\Users\Oem\Desktop\Eclipse WorkSpace\RegularRPG\DB
Carregador de classe do banco de dados iniciado - derby.database.classpath=''
----------------------------------------------------------------
Sat Feb 20 14:35:05 GMT-03:00 2021:
 Inicializando o Derby versão The Apache Software Foundation - Apache Derby - 10.14.2.0 - (1828579): instância 48d7402a-0177-c081-fc0a-00004ec559ef
no diretório de banco de dados C:\Users\Oem\Desktop\Eclipse WorkSpace\RegularRPG\DB\CTM 

java.vendor=Oracle Corporation
java.runtime.version=12.0.2+10
user.dir=C:\Users\Oem\Desktop\Eclipse WorkSpace\RegularRPG\db-derby-10.14.2.0-bin
os.name=Windows 7
os.arch=amd64
os.version=6.1
derby.system.home=C:\Users\Oem\Desktop\Eclipse WorkSpace\RegularRPG\DB
Carregador de classe do banco de dados iniciado - derby.database.classpath=''
